making all in /home/jaloo/v/qemu/qemu/pxe/dhcp/dhcp-4.4.2/bind/bind-9.11.14/lib/isc/include
making all in /home/jaloo/v/qemu/qemu/pxe/dhcp/dhcp-4.4.2/bind/bind-9.11.14/lib/isc/include/isc
making all in /home/jaloo/v/qemu/qemu/pxe/dhcp/dhcp-4.4.2/bind/bind-9.11.14/lib/isc/include/pk11
making all in /home/jaloo/v/qemu/qemu/pxe/dhcp/dhcp-4.4.2/bind/bind-9.11.14/lib/isc/include/pkcs11
making all in /home/jaloo/v/qemu/qemu/pxe/dhcp/dhcp-4.4.2/bind/bind-9.11.14/lib/isc/unix
making all in /home/jaloo/v/qemu/qemu/pxe/dhcp/dhcp-4.4.2/bind/bind-9.11.14/lib/isc/unix/include
making all in /home/jaloo/v/qemu/qemu/pxe/dhcp/dhcp-4.4.2/bind/bind-9.11.14/lib/isc/unix/include/isc
making all in /home/jaloo/v/qemu/qemu/pxe/dhcp/dhcp-4.4.2/bind/bind-9.11.14/lib/isc/unix/include/pkcs11
making all in /home/jaloo/v/qemu/qemu/pxe/dhcp/dhcp-4.4.2/bind/bind-9.11.14/lib/isc/nls
making all in /home/jaloo/v/qemu/qemu/pxe/dhcp/dhcp-4.4.2/bind/bind-9.11.14/lib/isc/nothreads
making all in /home/jaloo/v/qemu/qemu/pxe/dhcp/dhcp-4.4.2/bind/bind-9.11.14/lib/isc/nothreads/include
making all in /home/jaloo/v/qemu/qemu/pxe/dhcp/dhcp-4.4.2/bind/bind-9.11.14/lib/isc/nothreads/include/isc
making all in /home/jaloo/v/qemu/qemu/pxe/dhcp/dhcp-4.4.2/bind/bind-9.11.14/lib/isc/x86_32
making all in /home/jaloo/v/qemu/qemu/pxe/dhcp/dhcp-4.4.2/bind/bind-9.11.14/lib/isc/x86_32/include
making all in /home/jaloo/v/qemu/qemu/pxe/dhcp/dhcp-4.4.2/bind/bind-9.11.14/lib/isc/x86_32/include/isc
a - aes.o
a - assertions.o
a - backtrace.o
a - base32.o
a - base64.o
a - bind9.o
a - buffer.o
a - bufferlist.o
a - commandline.o
a - counter.o
a - crc64.o
a - error.o
a - event.o
a - hash.o
a - ht.o
a - heap.o
a - hex.o
a - hmacmd5.o
a - hmacsha.o
a - httpd.o
a - inet_aton.o
a - iterated_hash.o
a - lex.o
a - lfsr.o
a - lib.o
a - log.o
a - md5.o
a - mem.o
a - mutexblock.o
a - netaddr.o
a - netscope.o
a - pool.o
a - ondestroy.o
a - parseint.o
a - portset.o
a - quota.o
a - radix.o
a - random.o
a - ratelimiter.o
a - refcount.o
a - region.o
a - regex.o
a - result.o
a - rwlock.o
a - safe.o
a - serial.o
a - siphash.o
a - sha1.o
a - sha2.o
a - sockaddr.o
a - stats.o
a - string.o
a - strtoul.o
a - symtab.o
a - task.o
a - taskpool.o
a - tm.o
a - timer.o
a - version.o
a - unix/app.o
a - unix/dir.o
a - unix/entropy.o
a - unix/errno.o
a - unix/errno2result.o
a - unix/file.o
a - unix/fsaccess.o
a - unix/interfaceiter.o
a - unix/keyboard.o
a - unix/meminfo.o
a - unix/net.o
a - unix/os.o
a - unix/resource.o
a - unix/socket.o
a - unix/stdio.o
a - unix/stdtime.o
a - unix/strerror.o
a - unix/syslog.o
a - unix/time.o
a - nls/msgcat.o
a - nothreads/thread.o
a - backtrace-emptytbl.o
a - aes.o
a - assertions.o
a - backtrace.o
a - base32.o
a - base64.o
a - bind9.o
a - buffer.o
a - bufferlist.o
a - commandline.o
a - counter.o
a - crc64.o
a - error.o
a - event.o
a - hash.o
a - ht.o
a - heap.o
a - hex.o
a - hmacmd5.o
a - hmacsha.o
a - httpd.o
a - inet_aton.o
a - iterated_hash.o
a - lex.o
a - lfsr.o
a - lib.o
a - log.o
a - md5.o
a - mem.o
a - mutexblock.o
a - netaddr.o
a - netscope.o
a - pool.o
a - ondestroy.o
a - parseint.o
a - portset.o
a - quota.o
a - radix.o
a - random.o
a - ratelimiter.o
a - refcount.o
a - region.o
a - regex.o
a - result.o
a - rwlock.o
a - safe.o
a - serial.o
a - siphash.o
a - sha1.o
a - sha2.o
a - sockaddr.o
a - stats.o
a - string.o
a - strtoul.o
a - symtab.o
a - task.o
a - taskpool.o
a - tm.o
a - timer.o
a - version.o
a - unix/app.o
a - unix/dir.o
a - unix/entropy.o
a - unix/errno.o
a - unix/errno2result.o
a - unix/file.o
a - unix/fsaccess.o
a - unix/interfaceiter.o
a - unix/keyboard.o
a - unix/meminfo.o
a - unix/net.o
a - unix/os.o
a - unix/resource.o
a - unix/socket.o
a - unix/stdio.o
a - unix/stdtime.o
a - unix/strerror.o
a - unix/syslog.o
a - unix/time.o
a - nls/msgcat.o
a - nothreads/thread.o
making all in /home/jaloo/v/qemu/qemu/pxe/dhcp/dhcp-4.4.2/bind/bind-9.11.14/lib/dns/include
making all in /home/jaloo/v/qemu/qemu/pxe/dhcp/dhcp-4.4.2/bind/bind-9.11.14/lib/dns/include/dns
making all in /home/jaloo/v/qemu/qemu/pxe/dhcp/dhcp-4.4.2/bind/bind-9.11.14/lib/dns/include/dst
a - acache.o
a - acl.o
a - adb.o
a - badcache.o
a - byaddr.o
a - cache.o
a - callbacks.o
a - catz.o
a - clientinfo.o
a - compress.o
a - db.o
a - dbiterator.o
a - dbtable.o
a - diff.o
a - dispatch.o
a - dlz.o
a - dns64.o
a - dnssec.o
a - ds.o
a - dyndb.o
a - fixedname.o
a - forward.o
a - ipkeylist.o
a - iptable.o
a - journal.o
a - keydata.o
a - keytable.o
a - lib.o
a - log.o
a - lookup.o
a - master.o
a - masterdump.o
a - message.o
a - name.o
a - ncache.o
a - nsec.o
a - nsec3.o
a - nta.o
a - order.o
a - peer.o
a - portlist.o
a - private.o
a - rbt.o
a - rbtdb.o
a - rbtdb64.o
a - rcode.o
a - rdata.o
a - rdatalist.o
a - rdataset.o
a - rdatasetiter.o
a - rdataslab.o
a - request.o
a - resolver.o
a - result.o
a - rootns.o
a - rpz.o
a - rrl.o
a - rriterator.o
a - sdb.o
a - sdlz.o
a - soa.o
a - ssu.o
a - ssu_external.o
a - stats.o
a - tcpmsg.o
a - time.o
a - timer.o
a - tkey.o
a - tsec.o
a - tsig.o
a - ttl.o
a - update.o
a - validator.o
a - version.o
a - view.o
a - xfrin.o
a - zone.o
a - zonekey.o
a - zt.o
a - dst_api.o
a - dst_lib.o
a - dst_parse.o
a - dst_result.o
a - gssapi_link.o
a - gssapictx.o
a - hmac_link.o
a - key.o
a - client.o
a - ecdb.o
making all in /home/jaloo/v/qemu/qemu/pxe/dhcp/dhcp-4.4.2/bind/bind-9.11.14/lib/isccfg/include
making all in /home/jaloo/v/qemu/qemu/pxe/dhcp/dhcp-4.4.2/bind/bind-9.11.14/lib/isccfg/include/isccfg
a - aclconf.o
a - dnsconf.o
a - log.o
a - namedconf.o
a - parser.o
a - version.o
making all in /home/jaloo/v/qemu/qemu/pxe/dhcp/dhcp-4.4.2/bind/bind-9.11.14/lib/irs/include
making all in /home/jaloo/v/qemu/qemu/pxe/dhcp/dhcp-4.4.2/bind/bind-9.11.14/lib/irs/include/irs
a - context.o
a - dnsconf.o
a - gai_strerror.o
a - getaddrinfo.o
a - getnameinfo.o
a - resconf.o
a - version.o
