checking build system type... x86_64-unknown-linux-gnu
checking host system type... x86_64-unknown-linux-gnu
checking whether make sets $(MAKE)... yes
checking how to print strings... printf
checking for gcc... gcc
checking whether the C compiler works... yes
checking for C compiler default output file name... a.out
checking for suffix of executables... 
checking whether we are cross compiling... no
checking for suffix of object files... o
checking whether we are using the GNU C compiler... yes
checking whether gcc accepts -g... yes
checking for gcc option to accept ISO C89... none needed
checking for a sed that does not truncate output... /bin/sed
checking for grep that handles long lines and -e... /bin/grep
checking for egrep... /bin/grep -E
checking for fgrep... /bin/grep -F
checking for ld used by gcc... /usr/bin/ld
checking if the linker (/usr/bin/ld) is GNU ld... yes
checking for BSD- or MS-compatible name lister (nm)... /usr/bin/nm -B
checking the name lister (/usr/bin/nm -B) interface... BSD nm
checking whether ln -s works... yes
checking the maximum length of command line arguments... 1572864
checking how to convert x86_64-unknown-linux-gnu file names to x86_64-unknown-linux-gnu format... func_convert_file_noop
checking how to convert x86_64-unknown-linux-gnu file names to toolchain format... func_convert_file_noop
checking for /usr/bin/ld option to reload object files... -r
checking for objdump... objdump
checking how to recognize dependent libraries... pass_all
checking for dlltool... no
checking how to associate runtime and link libraries... printf %s\n
checking for ar... ar
checking for archiver @FILE support... @
checking for strip... strip
checking for ranlib... ranlib
checking for gawk... gawk
checking command to parse /usr/bin/nm -B output from gcc object... ok
checking for sysroot... no
checking for a working dd... /bin/dd
checking how to truncate binary pipes... /bin/dd bs=4096 count=1
checking for mt... mt
checking if mt is a manifest tool... no
checking how to run the C preprocessor... gcc -E
checking for ANSI C header files... yes
checking for sys/types.h... yes
checking for sys/stat.h... yes
checking for stdlib.h... yes
checking for string.h... yes
checking for memory.h... yes
checking for strings.h... yes
checking for inttypes.h... yes
checking for stdint.h... yes
checking for unistd.h... yes
checking for dlfcn.h... yes
checking for objdir... .libs
checking if gcc supports -fno-rtti -fno-exceptions... no
checking for gcc option to produce PIC... -fPIC -DPIC
checking if gcc PIC flag -fPIC -DPIC works... yes
checking if gcc static flag -static works... yes
checking if gcc supports -c -o file.o... yes
checking if gcc supports -c -o file.o... (cached) yes
checking whether the gcc linker (/usr/bin/ld -m elf_x86_64) supports shared libraries... yes
checking whether -lc should be explicitly linked in... no
checking dynamic linker characteristics... GNU/Linux ld.so
checking how to hardcode library paths into programs... immediate
checking whether stripping libraries is possible... yes
checking if libtool supports shared libraries... yes
checking whether to build shared libraries... yes
checking whether to build static libraries... yes
checking for a BSD-compatible install... /usr/bin/install -c
checking whether ln -s works... yes
checking for pkg-config... /usr/bin/pkg-config
checking pkg-config is at least version 0.9.0... yes
checking for getrandom... no
checking for ar... /usr/bin/ar
checking for etags... /usr/bin/etags
checking for Exuberant Ctags etags... no
checking for perl5... no
checking for perl... /usr/bin/perl
checking for Python support... disabled
checking for gcc... (cached) gcc
checking whether we are using the GNU C compiler... (cached) yes
checking whether gcc accepts -g... (cached) yes
checking for gcc option to accept ISO C89... (cached) none needed
checking for gcc option to accept ISO C99... none needed
checking for ANSI C header files... (cached) yes
checking for fcntl.h... yes
checking for regex.h... yes
checking for sys/time.h... yes
checking for unistd.h... (cached) yes
checking for sys/mman.h... yes
checking for sys/sockio.h... no
checking for sys/select.h... yes
checking for sys/param.h... yes
checking for sys/sysctl.h... yes
checking for net/if6.h... no
checking for sys/socket.h... yes
checking for net/route.h... yes
checking for linux/netlink.h... yes
checking for linux/rtnetlink.h... yes
checking for an ANSI C-conforming const... yes
checking for inline... inline
checking for working volatile... yes
checking for sysctlbyname... no
checking for flexible array members... yes
checking for mmap... yes
checking for seteuid... yes
checking for setresuid... yes
checking for setegid... yes
checking for setresgid... yes
checking for ftello... yes
checking for fseeko... yes
checking for static inline breakage... no
checking for size_t... yes
checking for ssize_t... yes
checking for uintptr_t... yes
checking for socklen_t... yes
checking whether time.h and sys/time.h may both be included... yes
checking for long long... yes
checking for uname... yes
checking for GCC noreturn attribute... yes
checking for struct lifconf... no
checking if unistd.h or sys/types.h defines fd_set... yes
checking whether byte ordering is bigendian... no
checking for GSSAPI library... disabled
checking for random device... using "/dev/random"
checking for arc4random... no
checking for arc4random_stir... no
checking for arc4random_addrandom... no
checking whether to build with thread support... no
checking for libtool... no
checking for OpenSSL library... no
checking for using OpenSSL for hash functions... no
checking for PKCS11 support... no
checking for PKCS11 tools... disabled
checking for native PKCS11... disabled
checking for clock_gettime... yes
checking for lmdb library... no
checking for libxml2 library... no
checking for json library... no
checking for zlib library... yes
checking for library containing deflate... -lz
checking for smf_enable_instance in -lscf... no
checking for flockfile... yes
checking for getc_unlocked... yes
checking whether to build with threads... no
checking if "gcc" supports -fno-strict-aliasing... yes
checking if "gcc" supports -fno-delete-null-pointer-checks... yes
checking for catgets... yes
checking whether to use purify... no
checking whether to use gperftools profiler... no
checking for IPv6 structures... yes
checking for Kame IPv6 support... no
checking for in6_addr... yes
checking for in6addr_any... yes
checking for in6addr_loopback... yes
checking for sin6_scope_id in struct sockaddr_in6... yes
checking for in6_pktinfo... yes
checking for struct sockaddr_storage... yes
checking for struct if_laddrreq... no
checking for struct if_laddrconf... no
checking for inet_ntop with IPv6 support... yes
checking for working inet_pton with IPv6 support... yes
checking for sa_len in struct sockaddr... no
checking for struct msghdr flavor... 4.4BSD
checking for type in_port_t... yes
checking for TCP_FASTOPEN socket option... yes
checking for struct addrinfo... yes
checking for struct rrsetinfo... no
checking for int sethostent... no
checking for int endhostent... no
checking for getnetbyaddr(in_addr_t, ...)... yes
checking for int setnetent... no
checking for int endnetent... no
checking for gethostbyaddr(const void *, size_t, ...)... no
checking for h_errno in netdb.h... yes
checking for getnameinfo prototype definitions... socklen_t for buflen; int for flags
checking for gai_strerror prototype definitions... not match any subspecies; assume standard definition
checking for getipnodebyname... no
checking for getnameinfo... yes
checking for getaddrinfo... yes
checking for gai_strerror... yes
checking for getifaddrs... yes
checking for interface list sysctl... no
checking for correctly declared strsep()... yes
checking for memmove... yes
checking for strtoul... yes
checking for strlcpy... no
checking for strlcat... no
checking for strcasestr... yes
configure: checking for readline with -ledit
checking for readline... no
configure: checking for readline with -ledit -lterminfo
checking for readline... no
configure: checking for readline with -ledit -ltermcap
checking for readline... no
configure: checking for readline with -ledit -lncurses
checking for readline... no
configure: checking for readline with -ledit -lcurses
checking for readline... no
configure: checking for readline with -lreadline
checking for readline... (cached) no
configure: checking for readline with -lreadline -lterminfo
checking for readline... no
configure: checking for readline with -lreadline -ltermcap
checking for readline... yes
checking readline/readline.h usability... yes
checking readline/readline.h presence... yes
checking for readline/readline.h... yes
checking readline/history.h usability... yes
checking readline/history.h presence... yes
checking for readline/history.h... yes
checking sprintf return type... int
checking for vsnprintf... yes
checking printf for %z support... yes
checking for strerror... yes
checking for chroot... yes
checking linux/types.h usability... yes
checking linux/types.h presence... yes
checking for linux/types.h... yes
checking sys/capability.h usability... yes
checking sys/capability.h presence... yes
checking for sys/capability.h... yes
checking for linux/capability.h... yes
checking for cap_set_proc in -lcap... yes
checking sys/prctl.h usability... yes
checking sys/prctl.h presence... yes
checking for sys/prctl.h... yes
checking sys/un.h usability... yes
checking sys/un.h presence... yes
checking for sys/un.h... yes
checking for tzset... yes
checking for optarg declaration... yes
checking st_mtim.tv_nsec... yes
checking for type rlim_t... yes
checking for strings.h... (cached) yes
checking for if_nametoindex... yes
checking for nanosleep... yes
checking for usleep... yes
checking for explicit_bzero... no
checking for usable stdatomic.h... yes
checking if -latomic is needed to use 64-bit stdatomic.h primitives... no
checking size of void *... 8
checking architecture type for atomic operations... x86_64
checking compiler support for inline assembly code... gcc
checking compiler support for __builtin_unreachable()... yes
checking compiler support for __builtin_expect... yes
checking compiler support for __builtin_clz... yes
checking for latex... /usr/bin/latex
checking for pdflatex... /usr/bin/pdflatex
checking for dblatex... no
checking for w3m... /usr/bin/w3m
checking for pandoc... pandoc
checking for xsltproc... /usr/bin/xsltproc
checking for xmllint... /usr/bin/xmllint
checking for doxygen... /usr/bin/doxygen
checking for curl... /usr/bin/curl
checking for Docbook-XSL path... auto
checking for html/docbook.xsl... /usr/share/xml/docbook/stylesheet/docbook-xsl/html/docbook.xsl
checking for xhtml/docbook.xsl... /usr/share/xml/docbook/stylesheet/docbook-xsl/xhtml/docbook.xsl
checking for manpages/docbook.xsl... /usr/share/xml/docbook/stylesheet/docbook-xsl/manpages/docbook.xsl
checking for html/chunk.xsl... /usr/share/xml/docbook/stylesheet/docbook-xsl/html/chunk.xsl
checking for xhtml/chunk.xsl... /usr/share/xml/docbook/stylesheet/docbook-xsl/xhtml/chunk.xsl
checking for html/chunktoc.xsl... /usr/share/xml/docbook/stylesheet/docbook-xsl/html/chunktoc.xsl
checking for xhtml/chunktoc.xsl... /usr/share/xml/docbook/stylesheet/docbook-xsl/xhtml/chunktoc.xsl
checking for html/maketoc.xsl... /usr/share/xml/docbook/stylesheet/docbook-xsl/html/maketoc.xsl
checking for xhtml/maketoc.xsl... /usr/share/xml/docbook/stylesheet/docbook-xsl/xhtml/maketoc.xsl
checking for linker support for --wrap option... no
checking locale.h usability... yes
checking locale.h presence... yes
checking for locale.h... yes
checking for setlocale... yes
using default tuning
checking whether to enable query trace logging... no
checking for library containing dlopen... -ldl
checking for dlopen... yes
checking for dlclose... yes
checking for dlsym... yes
checking for Postgres DLZ driver... no
checking for MySQL DLZ driver... no
checking for Berkeley DB DLZ driver...... no
checking for file system DLZ driver... no
checking for LDAP DLZ driver... no
checking for ODBC DLZ driver... no
checking for stub DLZ driver... no
checking contributed DLZ drivers... no
configure: creating ./config.status
config.status: creating make/rules
config.status: creating make/includes
config.status: creating make/Makefile
config.status: creating make/mkdep
config.status: creating Makefile
config.status: creating bin/Makefile
config.status: creating bin/check/Makefile
config.status: creating bin/confgen/Makefile
config.status: creating bin/confgen/unix/Makefile
config.status: creating bin/delv/Makefile
config.status: creating bin/dig/Makefile
config.status: creating bin/dnssec/Makefile
config.status: creating bin/named/Makefile
config.status: creating bin/named/unix/Makefile
config.status: creating bin/nsupdate/Makefile
config.status: creating bin/pkcs11/Makefile
config.status: creating bin/python/Makefile
config.status: creating bin/python/isc/Makefile
config.status: creating bin/python/isc/utils.py
config.status: creating bin/python/isc/tests/Makefile
config.status: creating bin/python/dnssec-checkds.py
config.status: creating bin/python/dnssec-coverage.py
config.status: creating bin/python/dnssec-keymgr.py
config.status: creating bin/python/isc/__init__.py
config.status: creating bin/python/isc/checkds.py
config.status: creating bin/python/isc/coverage.py
config.status: creating bin/python/isc/dnskey.py
config.status: creating bin/python/isc/eventlist.py
config.status: creating bin/python/isc/keydict.py
config.status: creating bin/python/isc/keyevent.py
config.status: creating bin/python/isc/keymgr.py
config.status: creating bin/python/isc/keyseries.py
config.status: creating bin/python/isc/keyzone.py
config.status: creating bin/python/isc/policy.py
config.status: creating bin/python/isc/rndc.py
config.status: creating bin/python/isc/tests/dnskey_test.py
config.status: creating bin/python/isc/tests/policy_test.py
config.status: creating bin/rndc/Makefile
config.status: creating bin/tests/Makefile
config.status: creating bin/tests/headerdep_test.sh
config.status: creating bin/tests/optional/Makefile
config.status: creating bin/tests/pkcs11/Makefile
config.status: creating bin/tests/pkcs11/benchmarks/Makefile
config.status: creating bin/tests/system/Makefile
config.status: creating bin/tests/system/conf.sh
config.status: creating bin/tests/system/dlzexternal/Makefile
config.status: creating bin/tests/system/dlzexternal/ns1/dlzs.conf
config.status: creating bin/tests/system/dyndb/Makefile
config.status: creating bin/tests/system/dyndb/driver/Makefile
config.status: creating bin/tests/system/inline/checkdsa.sh
config.status: creating bin/tests/system/lwresd/Makefile
config.status: creating bin/tests/system/pipelined/Makefile
config.status: creating bin/tests/system/rndc/Makefile
config.status: creating bin/tests/system/rsabigexponent/Makefile
config.status: creating bin/tests/system/tkey/Makefile
config.status: creating bin/tests/virtual-time/Makefile
config.status: creating bin/tests/virtual-time/conf.sh
config.status: creating bin/tools/Makefile
config.status: creating contrib/scripts/check-secure-delegation.pl
config.status: creating contrib/scripts/zone-edit.sh
config.status: creating doc/Makefile
config.status: creating doc/arm/Makefile
config.status: creating doc/arm/noteversion.xml
config.status: creating doc/arm/pkgversion.xml
config.status: creating doc/arm/releaseinfo.xml
config.status: creating doc/doxygen/Doxyfile
config.status: creating doc/doxygen/Makefile
config.status: creating doc/doxygen/doxygen-input-filter
config.status: creating doc/misc/Makefile
config.status: creating doc/tex/Makefile
config.status: creating doc/tex/armstyle.sty
config.status: creating doc/xsl/Makefile
config.status: creating doc/xsl/isc-docbook-chunk.xsl
config.status: creating doc/xsl/isc-docbook-html.xsl
config.status: creating doc/xsl/isc-manpage.xsl
config.status: creating doc/xsl/isc-notes-html.xsl
config.status: creating isc-config.sh
config.status: creating lib/Makefile
config.status: creating lib/bind9/Makefile
config.status: creating lib/bind9/include/Makefile
config.status: creating lib/bind9/include/bind9/Makefile
config.status: creating lib/dns/Makefile
config.status: creating lib/dns/include/Makefile
config.status: creating lib/dns/include/dns/Makefile
config.status: creating lib/dns/include/dst/Makefile
config.status: creating lib/dns/tests/Makefile
config.status: creating lib/irs/Makefile
config.status: creating lib/irs/include/Makefile
config.status: creating lib/irs/include/irs/Makefile
config.status: creating lib/irs/include/irs/netdb.h
config.status: creating lib/irs/include/irs/platform.h
config.status: creating lib/irs/tests/Makefile
config.status: creating lib/isc/x86_32/Makefile
config.status: creating lib/isc/x86_32/include/Makefile
config.status: creating lib/isc/x86_32/include/isc/Makefile
config.status: creating lib/isc/nothreads/Makefile
config.status: creating lib/isc/nothreads/include/Makefile
config.status: creating lib/isc/nothreads/include/isc/Makefile
config.status: creating lib/isc/Makefile
config.status: creating lib/isc/include/Makefile
config.status: creating lib/isc/include/isc/Makefile
config.status: creating lib/isc/include/isc/platform.h
config.status: creating lib/isc/include/pk11/Makefile
config.status: creating lib/isc/include/pkcs11/Makefile
config.status: creating lib/isc/tests/Makefile
config.status: creating lib/isc/nls/Makefile
config.status: creating lib/isc/unix/Makefile
config.status: creating lib/isc/unix/include/Makefile
config.status: creating lib/isc/unix/include/isc/Makefile
config.status: creating lib/isc/unix/include/pkcs11/Makefile
config.status: creating lib/isccc/Makefile
config.status: creating lib/isccc/include/Makefile
config.status: creating lib/isccc/include/isccc/Makefile
config.status: creating lib/isccc/tests/Makefile
config.status: creating lib/isccfg/Makefile
config.status: creating lib/isccfg/include/Makefile
config.status: creating lib/isccfg/include/isccfg/Makefile
config.status: creating lib/isccfg/tests/Makefile
config.status: creating lib/lwres/Makefile
config.status: creating lib/lwres/include/Makefile
config.status: creating lib/lwres/include/lwres/Makefile
config.status: creating lib/lwres/include/lwres/netdb.h
config.status: creating lib/lwres/include/lwres/platform.h
config.status: creating lib/lwres/man/Makefile
config.status: creating lib/lwres/tests/Makefile
config.status: creating lib/lwres/unix/Makefile
config.status: creating lib/lwres/unix/include/Makefile
config.status: creating lib/lwres/unix/include/lwres/Makefile
config.status: creating lib/samples/Makefile
config.status: creating lib/samples/Makefile-postinstall
config.status: creating unit/unittest.sh
config.status: creating config.h
config.status: executing libtool commands
config.status: executing chmod commands
make[2]: Entering directory '/home/jaloo/v/qemu/qemu/pxe/dhcp/dhcp-4.4.2/bind/bind-9.11.14'
making clean in /home/jaloo/v/qemu/qemu/pxe/dhcp/dhcp-4.4.2/bind/bind-9.11.14/make
make[3]: Entering directory '/home/jaloo/v/qemu/qemu/pxe/dhcp/dhcp-4.4.2/bind/bind-9.11.14/make'
rm -f *.o *.o *.lo *.la core *.core *-symtbl.c *tmp0 *tmp1 *tmp2
rm -rf .depend .libs
make[3]: Leaving directory '/home/jaloo/v/qemu/qemu/pxe/dhcp/dhcp-4.4.2/bind/bind-9.11.14/make'
making clean in /home/jaloo/v/qemu/qemu/pxe/dhcp/dhcp-4.4.2/bind/bind-9.11.14/lib
make[3]: Entering directory '/home/jaloo/v/qemu/qemu/pxe/dhcp/dhcp-4.4.2/bind/bind-9.11.14/lib'
making clean in /home/jaloo/v/qemu/qemu/pxe/dhcp/dhcp-4.4.2/bind/bind-9.11.14/lib/isc
make[4]: Entering directory '/home/jaloo/v/qemu/qemu/pxe/dhcp/dhcp-4.4.2/bind/bind-9.11.14/lib/isc'
making clean in /home/jaloo/v/qemu/qemu/pxe/dhcp/dhcp-4.4.2/bind/bind-9.11.14/lib/isc/include
make[5]: Entering directory '/home/jaloo/v/qemu/qemu/pxe/dhcp/dhcp-4.4.2/bind/bind-9.11.14/lib/isc/include'
making clean in /home/jaloo/v/qemu/qemu/pxe/dhcp/dhcp-4.4.2/bind/bind-9.11.14/lib/isc/include/isc
make[6]: Entering directory '/home/jaloo/v/qemu/qemu/pxe/dhcp/dhcp-4.4.2/bind/bind-9.11.14/lib/isc/include/isc'
rm -f *.o *.o *.lo *.la core *.core *-symtbl.c *tmp0 *tmp1 *tmp2
rm -rf .depend .libs
make[6]: Leaving directory '/home/jaloo/v/qemu/qemu/pxe/dhcp/dhcp-4.4.2/bind/bind-9.11.14/lib/isc/include/isc'
making clean in /home/jaloo/v/qemu/qemu/pxe/dhcp/dhcp-4.4.2/bind/bind-9.11.14/lib/isc/include/pk11
make[6]: Entering directory '/home/jaloo/v/qemu/qemu/pxe/dhcp/dhcp-4.4.2/bind/bind-9.11.14/lib/isc/include/pk11'
rm -f *.o *.o *.lo *.la core *.core *-symtbl.c *tmp0 *tmp1 *tmp2
rm -rf .depend .libs
make[6]: Leaving directory '/home/jaloo/v/qemu/qemu/pxe/dhcp/dhcp-4.4.2/bind/bind-9.11.14/lib/isc/include/pk11'
making clean in /home/jaloo/v/qemu/qemu/pxe/dhcp/dhcp-4.4.2/bind/bind-9.11.14/lib/isc/include/pkcs11
make[6]: Entering directory '/home/jaloo/v/qemu/qemu/pxe/dhcp/dhcp-4.4.2/bind/bind-9.11.14/lib/isc/include/pkcs11'
rm -f *.o *.o *.lo *.la core *.core *-symtbl.c *tmp0 *tmp1 *tmp2
rm -rf .depend .libs
make[6]: Leaving directory '/home/jaloo/v/qemu/qemu/pxe/dhcp/dhcp-4.4.2/bind/bind-9.11.14/lib/isc/include/pkcs11'
rm -f *.o *.o *.lo *.la core *.core *-symtbl.c *tmp0 *tmp1 *tmp2
rm -rf .depend .libs
make[5]: Leaving directory '/home/jaloo/v/qemu/qemu/pxe/dhcp/dhcp-4.4.2/bind/bind-9.11.14/lib/isc/include'
making clean in /home/jaloo/v/qemu/qemu/pxe/dhcp/dhcp-4.4.2/bind/bind-9.11.14/lib/isc/unix
make[5]: Entering directory '/home/jaloo/v/qemu/qemu/pxe/dhcp/dhcp-4.4.2/bind/bind-9.11.14/lib/isc/unix'
making clean in /home/jaloo/v/qemu/qemu/pxe/dhcp/dhcp-4.4.2/bind/bind-9.11.14/lib/isc/unix/include
make[6]: Entering directory '/home/jaloo/v/qemu/qemu/pxe/dhcp/dhcp-4.4.2/bind/bind-9.11.14/lib/isc/unix/include'
making clean in /home/jaloo/v/qemu/qemu/pxe/dhcp/dhcp-4.4.2/bind/bind-9.11.14/lib/isc/unix/include/isc
make[7]: Entering directory '/home/jaloo/v/qemu/qemu/pxe/dhcp/dhcp-4.4.2/bind/bind-9.11.14/lib/isc/unix/include/isc'
rm -f *.o *.o *.lo *.la core *.core *-symtbl.c *tmp0 *tmp1 *tmp2
rm -rf .depend .libs
make[7]: Leaving directory '/home/jaloo/v/qemu/qemu/pxe/dhcp/dhcp-4.4.2/bind/bind-9.11.14/lib/isc/unix/include/isc'
making clean in /home/jaloo/v/qemu/qemu/pxe/dhcp/dhcp-4.4.2/bind/bind-9.11.14/lib/isc/unix/include/pkcs11
make[7]: Entering directory '/home/jaloo/v/qemu/qemu/pxe/dhcp/dhcp-4.4.2/bind/bind-9.11.14/lib/isc/unix/include/pkcs11'
rm -f *.o *.o *.lo *.la core *.core *-symtbl.c *tmp0 *tmp1 *tmp2
rm -rf .depend .libs
make[7]: Leaving directory '/home/jaloo/v/qemu/qemu/pxe/dhcp/dhcp-4.4.2/bind/bind-9.11.14/lib/isc/unix/include/pkcs11'
rm -f *.o *.o *.lo *.la core *.core *-symtbl.c *tmp0 *tmp1 *tmp2
rm -rf .depend .libs
make[6]: Leaving directory '/home/jaloo/v/qemu/qemu/pxe/dhcp/dhcp-4.4.2/bind/bind-9.11.14/lib/isc/unix/include'
rm -f *.o *.o *.lo *.la core *.core *-symtbl.c *tmp0 *tmp1 *tmp2
rm -rf .depend .libs
make[5]: Leaving directory '/home/jaloo/v/qemu/qemu/pxe/dhcp/dhcp-4.4.2/bind/bind-9.11.14/lib/isc/unix'
making clean in /home/jaloo/v/qemu/qemu/pxe/dhcp/dhcp-4.4.2/bind/bind-9.11.14/lib/isc/nls
make[5]: Entering directory '/home/jaloo/v/qemu/qemu/pxe/dhcp/dhcp-4.4.2/bind/bind-9.11.14/lib/isc/nls'
rm -f *.o *.o *.lo *.la core *.core *-symtbl.c *tmp0 *tmp1 *tmp2
rm -rf .depend .libs
make[5]: Leaving directory '/home/jaloo/v/qemu/qemu/pxe/dhcp/dhcp-4.4.2/bind/bind-9.11.14/lib/isc/nls'
making clean in /home/jaloo/v/qemu/qemu/pxe/dhcp/dhcp-4.4.2/bind/bind-9.11.14/lib/isc/nothreads
make[5]: Entering directory '/home/jaloo/v/qemu/qemu/pxe/dhcp/dhcp-4.4.2/bind/bind-9.11.14/lib/isc/nothreads'
making clean in /home/jaloo/v/qemu/qemu/pxe/dhcp/dhcp-4.4.2/bind/bind-9.11.14/lib/isc/nothreads/include
make[6]: Entering directory '/home/jaloo/v/qemu/qemu/pxe/dhcp/dhcp-4.4.2/bind/bind-9.11.14/lib/isc/nothreads/include'
making clean in /home/jaloo/v/qemu/qemu/pxe/dhcp/dhcp-4.4.2/bind/bind-9.11.14/lib/isc/nothreads/include/isc
make[7]: Entering directory '/home/jaloo/v/qemu/qemu/pxe/dhcp/dhcp-4.4.2/bind/bind-9.11.14/lib/isc/nothreads/include/isc'
rm -f *.o *.o *.lo *.la core *.core *-symtbl.c *tmp0 *tmp1 *tmp2
rm -rf .depend .libs
make[7]: Leaving directory '/home/jaloo/v/qemu/qemu/pxe/dhcp/dhcp-4.4.2/bind/bind-9.11.14/lib/isc/nothreads/include/isc'
rm -f *.o *.o *.lo *.la core *.core *-symtbl.c *tmp0 *tmp1 *tmp2
rm -rf .depend .libs
make[6]: Leaving directory '/home/jaloo/v/qemu/qemu/pxe/dhcp/dhcp-4.4.2/bind/bind-9.11.14/lib/isc/nothreads/include'
rm -f *.o *.o *.lo *.la core *.core *-symtbl.c *tmp0 *tmp1 *tmp2
rm -rf .depend .libs
make[5]: Leaving directory '/home/jaloo/v/qemu/qemu/pxe/dhcp/dhcp-4.4.2/bind/bind-9.11.14/lib/isc/nothreads'
making clean in /home/jaloo/v/qemu/qemu/pxe/dhcp/dhcp-4.4.2/bind/bind-9.11.14/lib/isc/x86_32
make[5]: Entering directory '/home/jaloo/v/qemu/qemu/pxe/dhcp/dhcp-4.4.2/bind/bind-9.11.14/lib/isc/x86_32'
making clean in /home/jaloo/v/qemu/qemu/pxe/dhcp/dhcp-4.4.2/bind/bind-9.11.14/lib/isc/x86_32/include
make[6]: Entering directory '/home/jaloo/v/qemu/qemu/pxe/dhcp/dhcp-4.4.2/bind/bind-9.11.14/lib/isc/x86_32/include'
making clean in /home/jaloo/v/qemu/qemu/pxe/dhcp/dhcp-4.4.2/bind/bind-9.11.14/lib/isc/x86_32/include/isc
make[7]: Entering directory '/home/jaloo/v/qemu/qemu/pxe/dhcp/dhcp-4.4.2/bind/bind-9.11.14/lib/isc/x86_32/include/isc'
rm -f *.o *.o *.lo *.la core *.core *-symtbl.c *tmp0 *tmp1 *tmp2
rm -rf .depend .libs
make[7]: Leaving directory '/home/jaloo/v/qemu/qemu/pxe/dhcp/dhcp-4.4.2/bind/bind-9.11.14/lib/isc/x86_32/include/isc'
rm -f *.o *.o *.lo *.la core *.core *-symtbl.c *tmp0 *tmp1 *tmp2
rm -rf .depend .libs
make[6]: Leaving directory '/home/jaloo/v/qemu/qemu/pxe/dhcp/dhcp-4.4.2/bind/bind-9.11.14/lib/isc/x86_32/include'
rm -f *.o *.o *.lo *.la core *.core *-symtbl.c *tmp0 *tmp1 *tmp2
rm -rf .depend .libs
make[5]: Leaving directory '/home/jaloo/v/qemu/qemu/pxe/dhcp/dhcp-4.4.2/bind/bind-9.11.14/lib/isc/x86_32'
rm -f *.o *.o *.lo *.la core *.core *-symtbl.c *tmp0 *tmp1 *tmp2
rm -rf .depend .libs
rm -f libisc.a libisc-nosymtbl.a libisc.la \
libisc-nosymtbl.la timestamp
make[4]: Leaving directory '/home/jaloo/v/qemu/qemu/pxe/dhcp/dhcp-4.4.2/bind/bind-9.11.14/lib/isc'
making clean in /home/jaloo/v/qemu/qemu/pxe/dhcp/dhcp-4.4.2/bind/bind-9.11.14/lib/isccc
make[4]: Entering directory '/home/jaloo/v/qemu/qemu/pxe/dhcp/dhcp-4.4.2/bind/bind-9.11.14/lib/isccc'
making clean in /home/jaloo/v/qemu/qemu/pxe/dhcp/dhcp-4.4.2/bind/bind-9.11.14/lib/isccc/include
make[5]: Entering directory '/home/jaloo/v/qemu/qemu/pxe/dhcp/dhcp-4.4.2/bind/bind-9.11.14/lib/isccc/include'
making clean in /home/jaloo/v/qemu/qemu/pxe/dhcp/dhcp-4.4.2/bind/bind-9.11.14/lib/isccc/include/isccc
make[6]: Entering directory '/home/jaloo/v/qemu/qemu/pxe/dhcp/dhcp-4.4.2/bind/bind-9.11.14/lib/isccc/include/isccc'
rm -f *.o *.o *.lo *.la core *.core *-symtbl.c *tmp0 *tmp1 *tmp2
rm -rf .depend .libs
make[6]: Leaving directory '/home/jaloo/v/qemu/qemu/pxe/dhcp/dhcp-4.4.2/bind/bind-9.11.14/lib/isccc/include/isccc'
rm -f *.o *.o *.lo *.la core *.core *-symtbl.c *tmp0 *tmp1 *tmp2
rm -rf .depend .libs
make[5]: Leaving directory '/home/jaloo/v/qemu/qemu/pxe/dhcp/dhcp-4.4.2/bind/bind-9.11.14/lib/isccc/include'
rm -f *.o *.o *.lo *.la core *.core *-symtbl.c *tmp0 *tmp1 *tmp2
rm -rf .depend .libs
rm -f libisccc.a timestamp
make[4]: Leaving directory '/home/jaloo/v/qemu/qemu/pxe/dhcp/dhcp-4.4.2/bind/bind-9.11.14/lib/isccc'
making clean in /home/jaloo/v/qemu/qemu/pxe/dhcp/dhcp-4.4.2/bind/bind-9.11.14/lib/dns
make[4]: Entering directory '/home/jaloo/v/qemu/qemu/pxe/dhcp/dhcp-4.4.2/bind/bind-9.11.14/lib/dns'
making clean in /home/jaloo/v/qemu/qemu/pxe/dhcp/dhcp-4.4.2/bind/bind-9.11.14/lib/dns/include
make[5]: Entering directory '/home/jaloo/v/qemu/qemu/pxe/dhcp/dhcp-4.4.2/bind/bind-9.11.14/lib/dns/include'
making clean in /home/jaloo/v/qemu/qemu/pxe/dhcp/dhcp-4.4.2/bind/bind-9.11.14/lib/dns/include/dns
make[6]: Entering directory '/home/jaloo/v/qemu/qemu/pxe/dhcp/dhcp-4.4.2/bind/bind-9.11.14/lib/dns/include/dns'
rm -f *.o *.o *.lo *.la core *.core *-symtbl.c *tmp0 *tmp1 *tmp2
rm -rf .depend .libs
make[6]: Leaving directory '/home/jaloo/v/qemu/qemu/pxe/dhcp/dhcp-4.4.2/bind/bind-9.11.14/lib/dns/include/dns'
making clean in /home/jaloo/v/qemu/qemu/pxe/dhcp/dhcp-4.4.2/bind/bind-9.11.14/lib/dns/include/dst
make[6]: Entering directory '/home/jaloo/v/qemu/qemu/pxe/dhcp/dhcp-4.4.2/bind/bind-9.11.14/lib/dns/include/dst'
rm -f *.o *.o *.lo *.la core *.core *-symtbl.c *tmp0 *tmp1 *tmp2
rm -rf .depend .libs
make[6]: Leaving directory '/home/jaloo/v/qemu/qemu/pxe/dhcp/dhcp-4.4.2/bind/bind-9.11.14/lib/dns/include/dst'
rm -f *.o *.o *.lo *.la core *.core *-symtbl.c *tmp0 *tmp1 *tmp2
rm -rf .depend .libs
make[5]: Leaving directory '/home/jaloo/v/qemu/qemu/pxe/dhcp/dhcp-4.4.2/bind/bind-9.11.14/lib/dns/include'
rm -f *.o *.o *.lo *.la core *.core *-symtbl.c *tmp0 *tmp1 *tmp2
rm -rf .depend .libs
rm -f libdns.a timestamp
rm -f gen code.h include/dns/enumtype.h include/dns/enumclass.h
rm -f include/dns/rdatastruct.h
rm -f dnstap.pb-c.c dnstap.pb-c.h
make[4]: Leaving directory '/home/jaloo/v/qemu/qemu/pxe/dhcp/dhcp-4.4.2/bind/bind-9.11.14/lib/dns'
making clean in /home/jaloo/v/qemu/qemu/pxe/dhcp/dhcp-4.4.2/bind/bind-9.11.14/lib/isccfg
make[4]: Entering directory '/home/jaloo/v/qemu/qemu/pxe/dhcp/dhcp-4.4.2/bind/bind-9.11.14/lib/isccfg'
making clean in /home/jaloo/v/qemu/qemu/pxe/dhcp/dhcp-4.4.2/bind/bind-9.11.14/lib/isccfg/include
make[5]: Entering directory '/home/jaloo/v/qemu/qemu/pxe/dhcp/dhcp-4.4.2/bind/bind-9.11.14/lib/isccfg/include'
making clean in /home/jaloo/v/qemu/qemu/pxe/dhcp/dhcp-4.4.2/bind/bind-9.11.14/lib/isccfg/include/isccfg
make[6]: Entering directory '/home/jaloo/v/qemu/qemu/pxe/dhcp/dhcp-4.4.2/bind/bind-9.11.14/lib/isccfg/include/isccfg'
rm -f *.o *.o *.lo *.la core *.core *-symtbl.c *tmp0 *tmp1 *tmp2
rm -rf .depend .libs
make[6]: Leaving directory '/home/jaloo/v/qemu/qemu/pxe/dhcp/dhcp-4.4.2/bind/bind-9.11.14/lib/isccfg/include/isccfg'
rm -f *.o *.o *.lo *.la core *.core *-symtbl.c *tmp0 *tmp1 *tmp2
rm -rf .depend .libs
make[5]: Leaving directory '/home/jaloo/v/qemu/qemu/pxe/dhcp/dhcp-4.4.2/bind/bind-9.11.14/lib/isccfg/include'
rm -f *.o *.o *.lo *.la core *.core *-symtbl.c *tmp0 *tmp1 *tmp2
rm -rf .depend .libs
rm -f libisccfg.a timestamp
make[4]: Leaving directory '/home/jaloo/v/qemu/qemu/pxe/dhcp/dhcp-4.4.2/bind/bind-9.11.14/lib/isccfg'
making clean in /home/jaloo/v/qemu/qemu/pxe/dhcp/dhcp-4.4.2/bind/bind-9.11.14/lib/bind9
make[4]: Entering directory '/home/jaloo/v/qemu/qemu/pxe/dhcp/dhcp-4.4.2/bind/bind-9.11.14/lib/bind9'
making clean in /home/jaloo/v/qemu/qemu/pxe/dhcp/dhcp-4.4.2/bind/bind-9.11.14/lib/bind9/include
make[5]: Entering directory '/home/jaloo/v/qemu/qemu/pxe/dhcp/dhcp-4.4.2/bind/bind-9.11.14/lib/bind9/include'
making clean in /home/jaloo/v/qemu/qemu/pxe/dhcp/dhcp-4.4.2/bind/bind-9.11.14/lib/bind9/include/bind9
make[6]: Entering directory '/home/jaloo/v/qemu/qemu/pxe/dhcp/dhcp-4.4.2/bind/bind-9.11.14/lib/bind9/include/bind9'
rm -f *.o *.o *.lo *.la core *.core *-symtbl.c *tmp0 *tmp1 *tmp2
rm -rf .depend .libs
make[6]: Leaving directory '/home/jaloo/v/qemu/qemu/pxe/dhcp/dhcp-4.4.2/bind/bind-9.11.14/lib/bind9/include/bind9'
rm -f *.o *.o *.lo *.la core *.core *-symtbl.c *tmp0 *tmp1 *tmp2
rm -rf .depend .libs
make[5]: Leaving directory '/home/jaloo/v/qemu/qemu/pxe/dhcp/dhcp-4.4.2/bind/bind-9.11.14/lib/bind9/include'
rm -f *.o *.o *.lo *.la core *.core *-symtbl.c *tmp0 *tmp1 *tmp2
rm -rf .depend .libs
rm -f libbind9.a timestamp
make[4]: Leaving directory '/home/jaloo/v/qemu/qemu/pxe/dhcp/dhcp-4.4.2/bind/bind-9.11.14/lib/bind9'
making clean in /home/jaloo/v/qemu/qemu/pxe/dhcp/dhcp-4.4.2/bind/bind-9.11.14/lib/lwres
make[4]: Entering directory '/home/jaloo/v/qemu/qemu/pxe/dhcp/dhcp-4.4.2/bind/bind-9.11.14/lib/lwres'
making clean in /home/jaloo/v/qemu/qemu/pxe/dhcp/dhcp-4.4.2/bind/bind-9.11.14/lib/lwres/include
make[5]: Entering directory '/home/jaloo/v/qemu/qemu/pxe/dhcp/dhcp-4.4.2/bind/bind-9.11.14/lib/lwres/include'
making clean in /home/jaloo/v/qemu/qemu/pxe/dhcp/dhcp-4.4.2/bind/bind-9.11.14/lib/lwres/include/lwres
make[6]: Entering directory '/home/jaloo/v/qemu/qemu/pxe/dhcp/dhcp-4.4.2/bind/bind-9.11.14/lib/lwres/include/lwres'
rm -f *.o *.o *.lo *.la core *.core *-symtbl.c *tmp0 *tmp1 *tmp2
rm -rf .depend .libs
make[6]: Leaving directory '/home/jaloo/v/qemu/qemu/pxe/dhcp/dhcp-4.4.2/bind/bind-9.11.14/lib/lwres/include/lwres'
rm -f *.o *.o *.lo *.la core *.core *-symtbl.c *tmp0 *tmp1 *tmp2
rm -rf .depend .libs
make[5]: Leaving directory '/home/jaloo/v/qemu/qemu/pxe/dhcp/dhcp-4.4.2/bind/bind-9.11.14/lib/lwres/include'
making clean in /home/jaloo/v/qemu/qemu/pxe/dhcp/dhcp-4.4.2/bind/bind-9.11.14/lib/lwres/man
make[5]: Entering directory '/home/jaloo/v/qemu/qemu/pxe/dhcp/dhcp-4.4.2/bind/bind-9.11.14/lib/lwres/man'
rm -f *.o *.o *.lo *.la core *.core *-symtbl.c *tmp0 *tmp1 *tmp2
rm -rf .depend .libs
rm -f timestamp
make[5]: Leaving directory '/home/jaloo/v/qemu/qemu/pxe/dhcp/dhcp-4.4.2/bind/bind-9.11.14/lib/lwres/man'
making clean in /home/jaloo/v/qemu/qemu/pxe/dhcp/dhcp-4.4.2/bind/bind-9.11.14/lib/lwres/unix
make[5]: Entering directory '/home/jaloo/v/qemu/qemu/pxe/dhcp/dhcp-4.4.2/bind/bind-9.11.14/lib/lwres/unix'
making clean in /home/jaloo/v/qemu/qemu/pxe/dhcp/dhcp-4.4.2/bind/bind-9.11.14/lib/lwres/unix/include
make[6]: Entering directory '/home/jaloo/v/qemu/qemu/pxe/dhcp/dhcp-4.4.2/bind/bind-9.11.14/lib/lwres/unix/include'
making clean in /home/jaloo/v/qemu/qemu/pxe/dhcp/dhcp-4.4.2/bind/bind-9.11.14/lib/lwres/unix/include/lwres
make[7]: Entering directory '/home/jaloo/v/qemu/qemu/pxe/dhcp/dhcp-4.4.2/bind/bind-9.11.14/lib/lwres/unix/include/lwres'
rm -f *.o *.o *.lo *.la core *.core *-symtbl.c *tmp0 *tmp1 *tmp2
rm -rf .depend .libs
make[7]: Leaving directory '/home/jaloo/v/qemu/qemu/pxe/dhcp/dhcp-4.4.2/bind/bind-9.11.14/lib/lwres/unix/include/lwres'
rm -f *.o *.o *.lo *.la core *.core *-symtbl.c *tmp0 *tmp1 *tmp2
rm -rf .depend .libs
make[6]: Leaving directory '/home/jaloo/v/qemu/qemu/pxe/dhcp/dhcp-4.4.2/bind/bind-9.11.14/lib/lwres/unix/include'
rm -f *.o *.o *.lo *.la core *.core *-symtbl.c *tmp0 *tmp1 *tmp2
rm -rf .depend .libs
make[5]: Leaving directory '/home/jaloo/v/qemu/qemu/pxe/dhcp/dhcp-4.4.2/bind/bind-9.11.14/lib/lwres/unix'
rm -f *.o *.o *.lo *.la core *.core *-symtbl.c *tmp0 *tmp1 *tmp2
rm -rf .depend .libs
rm -f liblwres.a liblwres.la timestamp
make[4]: Leaving directory '/home/jaloo/v/qemu/qemu/pxe/dhcp/dhcp-4.4.2/bind/bind-9.11.14/lib/lwres'
making clean in /home/jaloo/v/qemu/qemu/pxe/dhcp/dhcp-4.4.2/bind/bind-9.11.14/lib/irs
make[4]: Entering directory '/home/jaloo/v/qemu/qemu/pxe/dhcp/dhcp-4.4.2/bind/bind-9.11.14/lib/irs'
making clean in /home/jaloo/v/qemu/qemu/pxe/dhcp/dhcp-4.4.2/bind/bind-9.11.14/lib/irs/include
make[5]: Entering directory '/home/jaloo/v/qemu/qemu/pxe/dhcp/dhcp-4.4.2/bind/bind-9.11.14/lib/irs/include'
making clean in /home/jaloo/v/qemu/qemu/pxe/dhcp/dhcp-4.4.2/bind/bind-9.11.14/lib/irs/include/irs
make[6]: Entering directory '/home/jaloo/v/qemu/qemu/pxe/dhcp/dhcp-4.4.2/bind/bind-9.11.14/lib/irs/include/irs'
rm -f *.o *.o *.lo *.la core *.core *-symtbl.c *tmp0 *tmp1 *tmp2
rm -rf .depend .libs
make[6]: Leaving directory '/home/jaloo/v/qemu/qemu/pxe/dhcp/dhcp-4.4.2/bind/bind-9.11.14/lib/irs/include/irs'
rm -f *.o *.o *.lo *.la core *.core *-symtbl.c *tmp0 *tmp1 *tmp2
rm -rf .depend .libs
make[5]: Leaving directory '/home/jaloo/v/qemu/qemu/pxe/dhcp/dhcp-4.4.2/bind/bind-9.11.14/lib/irs/include'
rm -f *.o *.o *.lo *.la core *.core *-symtbl.c *tmp0 *tmp1 *tmp2
rm -rf .depend .libs
rm -f libirs.a libirs.la timestamp
make[4]: Leaving directory '/home/jaloo/v/qemu/qemu/pxe/dhcp/dhcp-4.4.2/bind/bind-9.11.14/lib/irs'
making clean in /home/jaloo/v/qemu/qemu/pxe/dhcp/dhcp-4.4.2/bind/bind-9.11.14/lib/samples
make[4]: Entering directory '/home/jaloo/v/qemu/qemu/pxe/dhcp/dhcp-4.4.2/bind/bind-9.11.14/lib/samples'
rm -f *.o *.o *.lo *.la core *.core *-symtbl.c *tmp0 *tmp1 *tmp2
rm -rf .depend .libs
rm -f resolve sample-async sample-gai sample-update sample-request nsprobe
rm -f sample.key
make[4]: Leaving directory '/home/jaloo/v/qemu/qemu/pxe/dhcp/dhcp-4.4.2/bind/bind-9.11.14/lib/samples'
rm -f *.o *.o *.lo *.la core *.core *-symtbl.c *tmp0 *tmp1 *tmp2
rm -rf .depend .libs
make[3]: Leaving directory '/home/jaloo/v/qemu/qemu/pxe/dhcp/dhcp-4.4.2/bind/bind-9.11.14/lib'
making clean in /home/jaloo/v/qemu/qemu/pxe/dhcp/dhcp-4.4.2/bind/bind-9.11.14/bin
make[3]: Entering directory '/home/jaloo/v/qemu/qemu/pxe/dhcp/dhcp-4.4.2/bind/bind-9.11.14/bin'
making clean in /home/jaloo/v/qemu/qemu/pxe/dhcp/dhcp-4.4.2/bind/bind-9.11.14/bin/named
make[4]: Entering directory '/home/jaloo/v/qemu/qemu/pxe/dhcp/dhcp-4.4.2/bind/bind-9.11.14/bin/named'
making clean in /home/jaloo/v/qemu/qemu/pxe/dhcp/dhcp-4.4.2/bind/bind-9.11.14/bin/named/unix
make[5]: Entering directory '/home/jaloo/v/qemu/qemu/pxe/dhcp/dhcp-4.4.2/bind/bind-9.11.14/bin/named/unix'
rm -f *.o *.o *.lo *.la core *.core *-symtbl.c *tmp0 *tmp1 *tmp2
rm -rf .depend .libs
make[5]: Leaving directory '/home/jaloo/v/qemu/qemu/pxe/dhcp/dhcp-4.4.2/bind/bind-9.11.14/bin/named/unix'
rm -f *.o *.o *.lo *.la core *.core *-symtbl.c *tmp0 *tmp1 *tmp2
rm -rf .depend .libs
rm -f named lwresd builtin.o client.o config.o control.o controlconf.o fuzz.o interfacemgr.o listenlist.o log.o logconf.o main.o notify.o query.o server.o sortlist.o statschannel.o tkeyconf.o tsigconf.o update.o xfrout.o zoneconf.o lwaddr.o lwresd.o lwdclient.o lwderror.o lwdgabn.o lwdgnba.o lwdgrbn.o lwdnoop.o lwsearch.o  
make[4]: Leaving directory '/home/jaloo/v/qemu/qemu/pxe/dhcp/dhcp-4.4.2/bind/bind-9.11.14/bin/named'
making clean in /home/jaloo/v/qemu/qemu/pxe/dhcp/dhcp-4.4.2/bind/bind-9.11.14/bin/rndc
make[4]: Entering directory '/home/jaloo/v/qemu/qemu/pxe/dhcp/dhcp-4.4.2/bind/bind-9.11.14/bin/rndc'
rm -f *.o *.o *.lo *.la core *.core *-symtbl.c *tmp0 *tmp1 *tmp2
rm -rf .depend .libs
rm -f rndc
make[4]: Leaving directory '/home/jaloo/v/qemu/qemu/pxe/dhcp/dhcp-4.4.2/bind/bind-9.11.14/bin/rndc'
making clean in /home/jaloo/v/qemu/qemu/pxe/dhcp/dhcp-4.4.2/bind/bind-9.11.14/bin/dig
make[4]: Entering directory '/home/jaloo/v/qemu/qemu/pxe/dhcp/dhcp-4.4.2/bind/bind-9.11.14/bin/dig'
rm -f *.o *.o *.lo *.la core *.core *-symtbl.c *tmp0 *tmp1 *tmp2
rm -rf .depend .libs
rm -f dig host nslookup
make[4]: Leaving directory '/home/jaloo/v/qemu/qemu/pxe/dhcp/dhcp-4.4.2/bind/bind-9.11.14/bin/dig'
making clean in /home/jaloo/v/qemu/qemu/pxe/dhcp/dhcp-4.4.2/bind/bind-9.11.14/bin/delv
make[4]: Entering directory '/home/jaloo/v/qemu/qemu/pxe/dhcp/dhcp-4.4.2/bind/bind-9.11.14/bin/delv'
rm -f *.o *.o *.lo *.la core *.core *-symtbl.c *tmp0 *tmp1 *tmp2
rm -rf .depend .libs
rm -f delv
make[4]: Leaving directory '/home/jaloo/v/qemu/qemu/pxe/dhcp/dhcp-4.4.2/bind/bind-9.11.14/bin/delv'
making clean in /home/jaloo/v/qemu/qemu/pxe/dhcp/dhcp-4.4.2/bind/bind-9.11.14/bin/dnssec
make[4]: Entering directory '/home/jaloo/v/qemu/qemu/pxe/dhcp/dhcp-4.4.2/bind/bind-9.11.14/bin/dnssec'
rm -f *.o *.o *.lo *.la core *.core *-symtbl.c *tmp0 *tmp1 *tmp2
rm -rf .depend .libs
rm -f dnssec-keygen dnssec-signzone dnssec-keyfromlabel dnssec-dsfromkey dnssec-revoke dnssec-settime dnssec-verify dnssec-importkey
make[4]: Leaving directory '/home/jaloo/v/qemu/qemu/pxe/dhcp/dhcp-4.4.2/bind/bind-9.11.14/bin/dnssec'
making clean in /home/jaloo/v/qemu/qemu/pxe/dhcp/dhcp-4.4.2/bind/bind-9.11.14/bin/tools
make[4]: Entering directory '/home/jaloo/v/qemu/qemu/pxe/dhcp/dhcp-4.4.2/bind/bind-9.11.14/bin/tools'
rm -f *.o *.o *.lo *.la core *.core *-symtbl.c *tmp0 *tmp1 *tmp2
rm -rf .depend .libs
rm -f arpaname named-journalprint named-rrchecker  nsec3hash genrandom isc-hmac-fixup mdig 
make[4]: Leaving directory '/home/jaloo/v/qemu/qemu/pxe/dhcp/dhcp-4.4.2/bind/bind-9.11.14/bin/tools'
making clean in /home/jaloo/v/qemu/qemu/pxe/dhcp/dhcp-4.4.2/bind/bind-9.11.14/bin/nsupdate
make[4]: Entering directory '/home/jaloo/v/qemu/qemu/pxe/dhcp/dhcp-4.4.2/bind/bind-9.11.14/bin/nsupdate'
rm -f *.o *.o *.lo *.la core *.core *-symtbl.c *tmp0 *tmp1 *tmp2
rm -rf .depend .libs
rm -f nsupdate
make[4]: Leaving directory '/home/jaloo/v/qemu/qemu/pxe/dhcp/dhcp-4.4.2/bind/bind-9.11.14/bin/nsupdate'
making clean in /home/jaloo/v/qemu/qemu/pxe/dhcp/dhcp-4.4.2/bind/bind-9.11.14/bin/check
make[4]: Entering directory '/home/jaloo/v/qemu/qemu/pxe/dhcp/dhcp-4.4.2/bind/bind-9.11.14/bin/check'
rm -f *.o *.o *.lo *.la core *.core *-symtbl.c *tmp0 *tmp1 *tmp2
rm -rf .depend .libs
rm -f named-checkconf named-checkzone r1.htm
make[4]: Leaving directory '/home/jaloo/v/qemu/qemu/pxe/dhcp/dhcp-4.4.2/bind/bind-9.11.14/bin/check'
making clean in /home/jaloo/v/qemu/qemu/pxe/dhcp/dhcp-4.4.2/bind/bind-9.11.14/bin/confgen
make[4]: Entering directory '/home/jaloo/v/qemu/qemu/pxe/dhcp/dhcp-4.4.2/bind/bind-9.11.14/bin/confgen'
making clean in /home/jaloo/v/qemu/qemu/pxe/dhcp/dhcp-4.4.2/bind/bind-9.11.14/bin/confgen/unix
make[5]: Entering directory '/home/jaloo/v/qemu/qemu/pxe/dhcp/dhcp-4.4.2/bind/bind-9.11.14/bin/confgen/unix'
rm -f *.o *.o *.lo *.la core *.core *-symtbl.c *tmp0 *tmp1 *tmp2
rm -rf .depend .libs
make[5]: Leaving directory '/home/jaloo/v/qemu/qemu/pxe/dhcp/dhcp-4.4.2/bind/bind-9.11.14/bin/confgen/unix'
rm -f *.o *.o *.lo *.la core *.core *-symtbl.c *tmp0 *tmp1 *tmp2
rm -rf .depend .libs
rm -f rndc-confgen ddns-confgen tsig-keygen
make[4]: Leaving directory '/home/jaloo/v/qemu/qemu/pxe/dhcp/dhcp-4.4.2/bind/bind-9.11.14/bin/confgen'
making clean in /home/jaloo/v/qemu/qemu/pxe/dhcp/dhcp-4.4.2/bind/bind-9.11.14/bin/tests
make[4]: Entering directory '/home/jaloo/v/qemu/qemu/pxe/dhcp/dhcp-4.4.2/bind/bind-9.11.14/bin/tests'
making clean in /home/jaloo/v/qemu/qemu/pxe/dhcp/dhcp-4.4.2/bind/bind-9.11.14/bin/tests/system
make[5]: Entering directory '/home/jaloo/v/qemu/qemu/pxe/dhcp/dhcp-4.4.2/bind/bind-9.11.14/bin/tests/system'
making clean in /home/jaloo/v/qemu/qemu/pxe/dhcp/dhcp-4.4.2/bind/bind-9.11.14/bin/tests/system/dlzexternal
make[6]: Entering directory '/home/jaloo/v/qemu/qemu/pxe/dhcp/dhcp-4.4.2/bind/bind-9.11.14/bin/tests/system/dlzexternal'
rm -f *.o *.o *.lo *.la core *.core *-symtbl.c *tmp0 *tmp1 *tmp2
rm -rf .depend .libs
rm -f driver.so
make[6]: Leaving directory '/home/jaloo/v/qemu/qemu/pxe/dhcp/dhcp-4.4.2/bind/bind-9.11.14/bin/tests/system/dlzexternal'
making clean in /home/jaloo/v/qemu/qemu/pxe/dhcp/dhcp-4.4.2/bind/bind-9.11.14/bin/tests/system/dyndb
make[6]: Entering directory '/home/jaloo/v/qemu/qemu/pxe/dhcp/dhcp-4.4.2/bind/bind-9.11.14/bin/tests/system/dyndb'
making clean in /home/jaloo/v/qemu/qemu/pxe/dhcp/dhcp-4.4.2/bind/bind-9.11.14/bin/tests/system/dyndb/driver
make[7]: Entering directory '/home/jaloo/v/qemu/qemu/pxe/dhcp/dhcp-4.4.2/bind/bind-9.11.14/bin/tests/system/dyndb/driver'
rm -f *.o *.o *.lo *.la core *.core *-symtbl.c *tmp0 *tmp1 *tmp2
rm -rf .depend .libs
rm -f db.o driver.o instance.o lock.o log.o syncptr.o zone.o sample.so lib/sample.so
make[7]: Leaving directory '/home/jaloo/v/qemu/qemu/pxe/dhcp/dhcp-4.4.2/bind/bind-9.11.14/bin/tests/system/dyndb/driver'
rm -f *.o *.o *.lo *.la core *.core *-symtbl.c *tmp0 *tmp1 *tmp2
rm -rf .depend .libs
make[6]: Leaving directory '/home/jaloo/v/qemu/qemu/pxe/dhcp/dhcp-4.4.2/bind/bind-9.11.14/bin/tests/system/dyndb'
making clean in /home/jaloo/v/qemu/qemu/pxe/dhcp/dhcp-4.4.2/bind/bind-9.11.14/bin/tests/system/lwresd
make[6]: Entering directory '/home/jaloo/v/qemu/qemu/pxe/dhcp/dhcp-4.4.2/bind/bind-9.11.14/bin/tests/system/lwresd'
rm -f *.o *.o *.lo *.la core *.core *-symtbl.c *tmp0 *tmp1 *tmp2
rm -rf .depend .libs
rm -f lwtest
make[6]: Leaving directory '/home/jaloo/v/qemu/qemu/pxe/dhcp/dhcp-4.4.2/bind/bind-9.11.14/bin/tests/system/lwresd'
making clean in /home/jaloo/v/qemu/qemu/pxe/dhcp/dhcp-4.4.2/bind/bind-9.11.14/bin/tests/system/pipelined
make[6]: Entering directory '/home/jaloo/v/qemu/qemu/pxe/dhcp/dhcp-4.4.2/bind/bind-9.11.14/bin/tests/system/pipelined'
rm -f *.o *.o *.lo *.la core *.core *-symtbl.c *tmp0 *tmp1 *tmp2
rm -rf .depend .libs
rm -f pipequeries
make[6]: Leaving directory '/home/jaloo/v/qemu/qemu/pxe/dhcp/dhcp-4.4.2/bind/bind-9.11.14/bin/tests/system/pipelined'
making clean in /home/jaloo/v/qemu/qemu/pxe/dhcp/dhcp-4.4.2/bind/bind-9.11.14/bin/tests/system/rndc
make[6]: Entering directory '/home/jaloo/v/qemu/qemu/pxe/dhcp/dhcp-4.4.2/bind/bind-9.11.14/bin/tests/system/rndc'
rm -f *.o *.o *.lo *.la core *.core *-symtbl.c *tmp0 *tmp1 *tmp2
rm -rf .depend .libs
rm -f gencheck
make[6]: Leaving directory '/home/jaloo/v/qemu/qemu/pxe/dhcp/dhcp-4.4.2/bind/bind-9.11.14/bin/tests/system/rndc'
making clean in /home/jaloo/v/qemu/qemu/pxe/dhcp/dhcp-4.4.2/bind/bind-9.11.14/bin/tests/system/rsabigexponent
make[6]: Entering directory '/home/jaloo/v/qemu/qemu/pxe/dhcp/dhcp-4.4.2/bind/bind-9.11.14/bin/tests/system/rsabigexponent'
rm -f *.o *.o *.lo *.la core *.core *-symtbl.c *tmp0 *tmp1 *tmp2
rm -rf .depend .libs
rm -f bigkey
make[6]: Leaving directory '/home/jaloo/v/qemu/qemu/pxe/dhcp/dhcp-4.4.2/bind/bind-9.11.14/bin/tests/system/rsabigexponent'
making clean in /home/jaloo/v/qemu/qemu/pxe/dhcp/dhcp-4.4.2/bind/bind-9.11.14/bin/tests/system/tkey
make[6]: Entering directory '/home/jaloo/v/qemu/qemu/pxe/dhcp/dhcp-4.4.2/bind/bind-9.11.14/bin/tests/system/tkey'
rm -f *.o *.o *.lo *.la core *.core *-symtbl.c *tmp0 *tmp1 *tmp2
rm -rf .depend .libs
rm -f keycreate keydelete
make[6]: Leaving directory '/home/jaloo/v/qemu/qemu/pxe/dhcp/dhcp-4.4.2/bind/bind-9.11.14/bin/tests/system/tkey'
rm -f *.o *.o *.lo *.la core *.core *-symtbl.c *tmp0 *tmp1 *tmp2
rm -rf .depend .libs
if test -f ./cleanall.sh; then /bin/sh ./cleanall.sh; fi
rm -f systests.output
rm -f random.data
rm -f parallel.mk
rm -f feature-test
rm -f feature-test.o
make[5]: Leaving directory '/home/jaloo/v/qemu/qemu/pxe/dhcp/dhcp-4.4.2/bind/bind-9.11.14/bin/tests/system'
making clean in /home/jaloo/v/qemu/qemu/pxe/dhcp/dhcp-4.4.2/bind/bind-9.11.14/bin/tests/system
make[5]: Entering directory '/home/jaloo/v/qemu/qemu/pxe/dhcp/dhcp-4.4.2/bind/bind-9.11.14/bin/tests/system'
making clean in /home/jaloo/v/qemu/qemu/pxe/dhcp/dhcp-4.4.2/bind/bind-9.11.14/bin/tests/system/dlzexternal
make[6]: Entering directory '/home/jaloo/v/qemu/qemu/pxe/dhcp/dhcp-4.4.2/bind/bind-9.11.14/bin/tests/system/dlzexternal'
rm -f *.o *.o *.lo *.la core *.core *-symtbl.c *tmp0 *tmp1 *tmp2
rm -rf .depend .libs
rm -f driver.so
make[6]: Leaving directory '/home/jaloo/v/qemu/qemu/pxe/dhcp/dhcp-4.4.2/bind/bind-9.11.14/bin/tests/system/dlzexternal'
making clean in /home/jaloo/v/qemu/qemu/pxe/dhcp/dhcp-4.4.2/bind/bind-9.11.14/bin/tests/system/dyndb
make[6]: Entering directory '/home/jaloo/v/qemu/qemu/pxe/dhcp/dhcp-4.4.2/bind/bind-9.11.14/bin/tests/system/dyndb'
making clean in /home/jaloo/v/qemu/qemu/pxe/dhcp/dhcp-4.4.2/bind/bind-9.11.14/bin/tests/system/dyndb/driver
make[7]: Entering directory '/home/jaloo/v/qemu/qemu/pxe/dhcp/dhcp-4.4.2/bind/bind-9.11.14/bin/tests/system/dyndb/driver'
rm -f *.o *.o *.lo *.la core *.core *-symtbl.c *tmp0 *tmp1 *tmp2
rm -rf .depend .libs
rm -f db.o driver.o instance.o lock.o log.o syncptr.o zone.o sample.so lib/sample.so
make[7]: Leaving directory '/home/jaloo/v/qemu/qemu/pxe/dhcp/dhcp-4.4.2/bind/bind-9.11.14/bin/tests/system/dyndb/driver'
rm -f *.o *.o *.lo *.la core *.core *-symtbl.c *tmp0 *tmp1 *tmp2
rm -rf .depend .libs
make[6]: Leaving directory '/home/jaloo/v/qemu/qemu/pxe/dhcp/dhcp-4.4.2/bind/bind-9.11.14/bin/tests/system/dyndb'
making clean in /home/jaloo/v/qemu/qemu/pxe/dhcp/dhcp-4.4.2/bind/bind-9.11.14/bin/tests/system/lwresd
make[6]: Entering directory '/home/jaloo/v/qemu/qemu/pxe/dhcp/dhcp-4.4.2/bind/bind-9.11.14/bin/tests/system/lwresd'
rm -f *.o *.o *.lo *.la core *.core *-symtbl.c *tmp0 *tmp1 *tmp2
rm -rf .depend .libs
rm -f lwtest
make[6]: Leaving directory '/home/jaloo/v/qemu/qemu/pxe/dhcp/dhcp-4.4.2/bind/bind-9.11.14/bin/tests/system/lwresd'
making clean in /home/jaloo/v/qemu/qemu/pxe/dhcp/dhcp-4.4.2/bind/bind-9.11.14/bin/tests/system/pipelined
make[6]: Entering directory '/home/jaloo/v/qemu/qemu/pxe/dhcp/dhcp-4.4.2/bind/bind-9.11.14/bin/tests/system/pipelined'
rm -f *.o *.o *.lo *.la core *.core *-symtbl.c *tmp0 *tmp1 *tmp2
rm -rf .depend .libs
rm -f pipequeries
make[6]: Leaving directory '/home/jaloo/v/qemu/qemu/pxe/dhcp/dhcp-4.4.2/bind/bind-9.11.14/bin/tests/system/pipelined'
making clean in /home/jaloo/v/qemu/qemu/pxe/dhcp/dhcp-4.4.2/bind/bind-9.11.14/bin/tests/system/rndc
make[6]: Entering directory '/home/jaloo/v/qemu/qemu/pxe/dhcp/dhcp-4.4.2/bind/bind-9.11.14/bin/tests/system/rndc'
rm -f *.o *.o *.lo *.la core *.core *-symtbl.c *tmp0 *tmp1 *tmp2
rm -rf .depend .libs
rm -f gencheck
make[6]: Leaving directory '/home/jaloo/v/qemu/qemu/pxe/dhcp/dhcp-4.4.2/bind/bind-9.11.14/bin/tests/system/rndc'
making clean in /home/jaloo/v/qemu/qemu/pxe/dhcp/dhcp-4.4.2/bind/bind-9.11.14/bin/tests/system/rsabigexponent
make[6]: Entering directory '/home/jaloo/v/qemu/qemu/pxe/dhcp/dhcp-4.4.2/bind/bind-9.11.14/bin/tests/system/rsabigexponent'
rm -f *.o *.o *.lo *.la core *.core *-symtbl.c *tmp0 *tmp1 *tmp2
rm -rf .depend .libs
rm -f bigkey
make[6]: Leaving directory '/home/jaloo/v/qemu/qemu/pxe/dhcp/dhcp-4.4.2/bind/bind-9.11.14/bin/tests/system/rsabigexponent'
making clean in /home/jaloo/v/qemu/qemu/pxe/dhcp/dhcp-4.4.2/bind/bind-9.11.14/bin/tests/system/tkey
make[6]: Entering directory '/home/jaloo/v/qemu/qemu/pxe/dhcp/dhcp-4.4.2/bind/bind-9.11.14/bin/tests/system/tkey'
rm -f *.o *.o *.lo *.la core *.core *-symtbl.c *tmp0 *tmp1 *tmp2
rm -rf .depend .libs
rm -f keycreate keydelete
make[6]: Leaving directory '/home/jaloo/v/qemu/qemu/pxe/dhcp/dhcp-4.4.2/bind/bind-9.11.14/bin/tests/system/tkey'
rm -f *.o *.o *.lo *.la core *.core *-symtbl.c *tmp0 *tmp1 *tmp2
rm -rf .depend .libs
if test -f ./cleanall.sh; then /bin/sh ./cleanall.sh; fi
rm -f systests.output
rm -f random.data
rm -f parallel.mk
rm -f feature-test
rm -f feature-test.o
make[5]: Leaving directory '/home/jaloo/v/qemu/qemu/pxe/dhcp/dhcp-4.4.2/bind/bind-9.11.14/bin/tests/system'
rm -f *.o *.o *.lo *.la core *.core *-symtbl.c *tmp0 *tmp1 *tmp2
rm -rf .depend .libs
rm -f cfg_test makejournal wire_test 
( cd optional; make clean)
make[5]: Entering directory '/home/jaloo/v/qemu/qemu/pxe/dhcp/dhcp-4.4.2/bind/bind-9.11.14/bin/tests/optional'
rm -f *.o *.o *.lo *.la core *.core *-symtbl.c *tmp0 *tmp1 *tmp2
rm -rf .depend .libs
rm -f  adb_test byaddr_test backtrace_test backtrace_test_nosymtbl byname_test db_test dst_test entropy_test entropy2_test gsstest gxba_test gxbn_test hash_test fsaccess_test inter_test keyboard_test lex_test lfsr_test log_test lwres_test lwresconf_test master_test mempool_test name_test nsecify ratelimiter_test rbt_test rwlock_test serial_test shutdown_test sig0_test sock_test sym_test task_test timer_test zone_test
rm -f backtrace_test_symtbl.c
make[5]: Leaving directory '/home/jaloo/v/qemu/qemu/pxe/dhcp/dhcp-4.4.2/bind/bind-9.11.14/bin/tests/optional'
make[4]: Leaving directory '/home/jaloo/v/qemu/qemu/pxe/dhcp/dhcp-4.4.2/bind/bind-9.11.14/bin/tests'
rm -f *.o *.o *.lo *.la core *.core *-symtbl.c *tmp0 *tmp1 *tmp2
rm -rf .depend .libs
make[3]: Leaving directory '/home/jaloo/v/qemu/qemu/pxe/dhcp/dhcp-4.4.2/bind/bind-9.11.14/bin'
making clean in /home/jaloo/v/qemu/qemu/pxe/dhcp/dhcp-4.4.2/bind/bind-9.11.14/doc
make[3]: Entering directory '/home/jaloo/v/qemu/qemu/pxe/dhcp/dhcp-4.4.2/bind/bind-9.11.14/doc'
making clean in /home/jaloo/v/qemu/qemu/pxe/dhcp/dhcp-4.4.2/bind/bind-9.11.14/doc/arm
make[4]: Entering directory '/home/jaloo/v/qemu/qemu/pxe/dhcp/dhcp-4.4.2/bind/bind-9.11.14/doc/arm'
rm -f *.o *.o *.lo *.la core *.core *-symtbl.c *tmp0 *tmp1 *tmp2
rm -rf .depend .libs
rm -f Bv9ARM.aux Bv9ARM.brf Bv9ARM.glo Bv9ARM.idx Bv9ARM.toc
rm -f Bv9ARM.log Bv9ARM.out
rm -f notes.aux notes.brf notes.glo notes.idx notes.toc
rm -f notes.log notes.out
make[4]: Leaving directory '/home/jaloo/v/qemu/qemu/pxe/dhcp/dhcp-4.4.2/bind/bind-9.11.14/doc/arm'
making clean in /home/jaloo/v/qemu/qemu/pxe/dhcp/dhcp-4.4.2/bind/bind-9.11.14/doc/misc
make[4]: Entering directory '/home/jaloo/v/qemu/qemu/pxe/dhcp/dhcp-4.4.2/bind/bind-9.11.14/doc/misc'
rm -f *.o *.o *.lo *.la core *.core *-symtbl.c *tmp0 *tmp1 *tmp2
rm -rf .depend .libs
make[4]: Leaving directory '/home/jaloo/v/qemu/qemu/pxe/dhcp/dhcp-4.4.2/bind/bind-9.11.14/doc/misc'
making clean in /home/jaloo/v/qemu/qemu/pxe/dhcp/dhcp-4.4.2/bind/bind-9.11.14/doc/xsl
make[4]: Entering directory '/home/jaloo/v/qemu/qemu/pxe/dhcp/dhcp-4.4.2/bind/bind-9.11.14/doc/xsl'
rm -f *.o *.o *.lo *.la core *.core *-symtbl.c *tmp0 *tmp1 *tmp2
rm -rf .depend .libs
make[4]: Leaving directory '/home/jaloo/v/qemu/qemu/pxe/dhcp/dhcp-4.4.2/bind/bind-9.11.14/doc/xsl'
making clean in /home/jaloo/v/qemu/qemu/pxe/dhcp/dhcp-4.4.2/bind/bind-9.11.14/doc/doxygen
make[4]: Entering directory '/home/jaloo/v/qemu/qemu/pxe/dhcp/dhcp-4.4.2/bind/bind-9.11.14/doc/doxygen'
rm -f *.o *.o *.lo *.la core *.core *-symtbl.c *tmp0 *tmp1 *tmp2
rm -rf .depend .libs
make[4]: Leaving directory '/home/jaloo/v/qemu/qemu/pxe/dhcp/dhcp-4.4.2/bind/bind-9.11.14/doc/doxygen'
making clean in /home/jaloo/v/qemu/qemu/pxe/dhcp/dhcp-4.4.2/bind/bind-9.11.14/doc/tex
make[4]: Entering directory '/home/jaloo/v/qemu/qemu/pxe/dhcp/dhcp-4.4.2/bind/bind-9.11.14/doc/tex'
rm -f *.o *.o *.lo *.la core *.core *-symtbl.c *tmp0 *tmp1 *tmp2
rm -rf .depend .libs
make[4]: Leaving directory '/home/jaloo/v/qemu/qemu/pxe/dhcp/dhcp-4.4.2/bind/bind-9.11.14/doc/tex'
rm -f *.o *.o *.lo *.la core *.core *-symtbl.c *tmp0 *tmp1 *tmp2
rm -rf .depend .libs
make[3]: Leaving directory '/home/jaloo/v/qemu/qemu/pxe/dhcp/dhcp-4.4.2/bind/bind-9.11.14/doc'
rm -f *.o *.o *.lo *.la core *.core *-symtbl.c *tmp0 *tmp1 *tmp2
rm -rf .depend .libs
make[2]: Leaving directory '/home/jaloo/v/qemu/qemu/pxe/dhcp/dhcp-4.4.2/bind/bind-9.11.14'
===============================================================================
Configuration summary:
-------------------------------------------------------------------------------
Optional features enabled:
    IPv6 support (--enable-ipv6)
    HTTP zlib compression (--with-zlib)
    Print backtrace on crash (--enable-backtrace)
    Use symbol table for backtrace, named only (--enable-symtable)
    Dynamically loadable zone (DLZ) drivers:
        None
-------------------------------------------------------------------------------
Features disabled or unavailable on this platform:
    Multiprocessing support (--enable-threads)
    Large-system tuning (--with-tuning)
    Allow 'dnstap' packet logging (--enable-dnstap)
    GeoIP2 access control (--with-geoip2)
    GSS-API (--with-gssapi)
    Allow 'fixed' rrset-order (--enable-fixed-rrset)
    OpenSSL cryptography/DNSSEC (--with-openssl)
    Native PKCS#11/Cryptoki support (--enable-native-pkcs11)
    Use libseccomp system call filtering (--enable-seccomp)
    Very verbose query trace logging (--enable-querytrace)
    Use GNU libtool (--with-libtool)
    CMocka Unit Testng Framework (--with-cmocka)
    Python tools (--with-python)
    XML statistics (--with-libxml2)
    JSON statistics (--with-libjson)
    LMDB database to store configuration for 'addzone' zones (--with-lmdb)
    IDN support (--with-libidn2)
-------------------------------------------------------------------------------
Configured paths:
    prefix: /usr/local
    sysconfdir: /etc
    localstatedir: /var
-------------------------------------------------------------------------------
Compiler: gcc
    gcc (Ubuntu 5.4.0-6ubuntu1~16.04.12) 5.4.0 20160609
    Copyright (C) 2015 Free Software Foundation, Inc.
    This is free software; see the source for copying conditions.  There is NO
    warranty; not even for MERCHANTABILITY or FITNESS FOR A PARTICULAR PURPOSE.
    
===============================================================================
BIND 9 is being built without cryptography support. This means it will
not have DNSSEC support. Use --with-openssl, or --with-pkcs11 and
--enable-native-pkcs11 to enable cryptography.
