making all in /home/jaloo/v/qemu/qemu/pxe/dhcp/dhcp-4.4.2/bind/bind-9.11.14/lib/isc/include
making all in /home/jaloo/v/qemu/qemu/pxe/dhcp/dhcp-4.4.2/bind/bind-9.11.14/lib/isc/include/isc
making all in /home/jaloo/v/qemu/qemu/pxe/dhcp/dhcp-4.4.2/bind/bind-9.11.14/lib/isc/include/pk11
making all in /home/jaloo/v/qemu/qemu/pxe/dhcp/dhcp-4.4.2/bind/bind-9.11.14/lib/isc/include/pkcs11
making all in /home/jaloo/v/qemu/qemu/pxe/dhcp/dhcp-4.4.2/bind/bind-9.11.14/lib/isc/unix
making all in /home/jaloo/v/qemu/qemu/pxe/dhcp/dhcp-4.4.2/bind/bind-9.11.14/lib/isc/unix/include
making all in /home/jaloo/v/qemu/qemu/pxe/dhcp/dhcp-4.4.2/bind/bind-9.11.14/lib/isc/unix/include/isc
making all in /home/jaloo/v/qemu/qemu/pxe/dhcp/dhcp-4.4.2/bind/bind-9.11.14/lib/isc/unix/include/pkcs11
making all in /home/jaloo/v/qemu/qemu/pxe/dhcp/dhcp-4.4.2/bind/bind-9.11.14/lib/isc/nls
making all in /home/jaloo/v/qemu/qemu/pxe/dhcp/dhcp-4.4.2/bind/bind-9.11.14/lib/isc/nothreads
making all in /home/jaloo/v/qemu/qemu/pxe/dhcp/dhcp-4.4.2/bind/bind-9.11.14/lib/isc/nothreads/include
making all in /home/jaloo/v/qemu/qemu/pxe/dhcp/dhcp-4.4.2/bind/bind-9.11.14/lib/isc/nothreads/include/isc
making all in /home/jaloo/v/qemu/qemu/pxe/dhcp/dhcp-4.4.2/bind/bind-9.11.14/lib/isc/x86_32
making all in /home/jaloo/v/qemu/qemu/pxe/dhcp/dhcp-4.4.2/bind/bind-9.11.14/lib/isc/x86_32/include
making all in /home/jaloo/v/qemu/qemu/pxe/dhcp/dhcp-4.4.2/bind/bind-9.11.14/lib/isc/x86_32/include/isc
making install in /home/jaloo/v/qemu/qemu/pxe/dhcp/dhcp-4.4.2/bind/bind-9.11.14/lib/isc/include
making all in /home/jaloo/v/qemu/qemu/pxe/dhcp/dhcp-4.4.2/bind/bind-9.11.14/lib/isc/include/isc
making all in /home/jaloo/v/qemu/qemu/pxe/dhcp/dhcp-4.4.2/bind/bind-9.11.14/lib/isc/include/pk11
making all in /home/jaloo/v/qemu/qemu/pxe/dhcp/dhcp-4.4.2/bind/bind-9.11.14/lib/isc/include/pkcs11
making install in /home/jaloo/v/qemu/qemu/pxe/dhcp/dhcp-4.4.2/bind/bind-9.11.14/lib/isc/include/isc
making install in /home/jaloo/v/qemu/qemu/pxe/dhcp/dhcp-4.4.2/bind/bind-9.11.14/lib/isc/include/pk11
making install in /home/jaloo/v/qemu/qemu/pxe/dhcp/dhcp-4.4.2/bind/bind-9.11.14/lib/isc/include/pkcs11
making install in /home/jaloo/v/qemu/qemu/pxe/dhcp/dhcp-4.4.2/bind/bind-9.11.14/lib/isc/unix
making all in /home/jaloo/v/qemu/qemu/pxe/dhcp/dhcp-4.4.2/bind/bind-9.11.14/lib/isc/unix/include
making all in /home/jaloo/v/qemu/qemu/pxe/dhcp/dhcp-4.4.2/bind/bind-9.11.14/lib/isc/unix/include/isc
making all in /home/jaloo/v/qemu/qemu/pxe/dhcp/dhcp-4.4.2/bind/bind-9.11.14/lib/isc/unix/include/pkcs11
making install in /home/jaloo/v/qemu/qemu/pxe/dhcp/dhcp-4.4.2/bind/bind-9.11.14/lib/isc/unix/include
making all in /home/jaloo/v/qemu/qemu/pxe/dhcp/dhcp-4.4.2/bind/bind-9.11.14/lib/isc/unix/include/isc
making all in /home/jaloo/v/qemu/qemu/pxe/dhcp/dhcp-4.4.2/bind/bind-9.11.14/lib/isc/unix/include/pkcs11
making install in /home/jaloo/v/qemu/qemu/pxe/dhcp/dhcp-4.4.2/bind/bind-9.11.14/lib/isc/unix/include/isc
making install in /home/jaloo/v/qemu/qemu/pxe/dhcp/dhcp-4.4.2/bind/bind-9.11.14/lib/isc/unix/include/pkcs11
making install in /home/jaloo/v/qemu/qemu/pxe/dhcp/dhcp-4.4.2/bind/bind-9.11.14/lib/isc/nls
making install in /home/jaloo/v/qemu/qemu/pxe/dhcp/dhcp-4.4.2/bind/bind-9.11.14/lib/isc/nothreads
making all in /home/jaloo/v/qemu/qemu/pxe/dhcp/dhcp-4.4.2/bind/bind-9.11.14/lib/isc/nothreads/include
making all in /home/jaloo/v/qemu/qemu/pxe/dhcp/dhcp-4.4.2/bind/bind-9.11.14/lib/isc/nothreads/include/isc
making install in /home/jaloo/v/qemu/qemu/pxe/dhcp/dhcp-4.4.2/bind/bind-9.11.14/lib/isc/nothreads/include
making all in /home/jaloo/v/qemu/qemu/pxe/dhcp/dhcp-4.4.2/bind/bind-9.11.14/lib/isc/nothreads/include/isc
making install in /home/jaloo/v/qemu/qemu/pxe/dhcp/dhcp-4.4.2/bind/bind-9.11.14/lib/isc/nothreads/include/isc
making install in /home/jaloo/v/qemu/qemu/pxe/dhcp/dhcp-4.4.2/bind/bind-9.11.14/lib/isc/x86_32
making all in /home/jaloo/v/qemu/qemu/pxe/dhcp/dhcp-4.4.2/bind/bind-9.11.14/lib/isc/x86_32/include
making all in /home/jaloo/v/qemu/qemu/pxe/dhcp/dhcp-4.4.2/bind/bind-9.11.14/lib/isc/x86_32/include/isc
making install in /home/jaloo/v/qemu/qemu/pxe/dhcp/dhcp-4.4.2/bind/bind-9.11.14/lib/isc/x86_32/include
making all in /home/jaloo/v/qemu/qemu/pxe/dhcp/dhcp-4.4.2/bind/bind-9.11.14/lib/isc/x86_32/include/isc
making install in /home/jaloo/v/qemu/qemu/pxe/dhcp/dhcp-4.4.2/bind/bind-9.11.14/lib/isc/x86_32/include/isc
making all in /home/jaloo/v/qemu/qemu/pxe/dhcp/dhcp-4.4.2/bind/bind-9.11.14/lib/dns/include
making all in /home/jaloo/v/qemu/qemu/pxe/dhcp/dhcp-4.4.2/bind/bind-9.11.14/lib/dns/include/dns
making all in /home/jaloo/v/qemu/qemu/pxe/dhcp/dhcp-4.4.2/bind/bind-9.11.14/lib/dns/include/dst
making install in /home/jaloo/v/qemu/qemu/pxe/dhcp/dhcp-4.4.2/bind/bind-9.11.14/lib/dns/include
making all in /home/jaloo/v/qemu/qemu/pxe/dhcp/dhcp-4.4.2/bind/bind-9.11.14/lib/dns/include/dns
making all in /home/jaloo/v/qemu/qemu/pxe/dhcp/dhcp-4.4.2/bind/bind-9.11.14/lib/dns/include/dst
making install in /home/jaloo/v/qemu/qemu/pxe/dhcp/dhcp-4.4.2/bind/bind-9.11.14/lib/dns/include/dns
making install in /home/jaloo/v/qemu/qemu/pxe/dhcp/dhcp-4.4.2/bind/bind-9.11.14/lib/dns/include/dst
making all in /home/jaloo/v/qemu/qemu/pxe/dhcp/dhcp-4.4.2/bind/bind-9.11.14/lib/isccfg/include
making all in /home/jaloo/v/qemu/qemu/pxe/dhcp/dhcp-4.4.2/bind/bind-9.11.14/lib/isccfg/include/isccfg
making install in /home/jaloo/v/qemu/qemu/pxe/dhcp/dhcp-4.4.2/bind/bind-9.11.14/lib/isccfg/include
making all in /home/jaloo/v/qemu/qemu/pxe/dhcp/dhcp-4.4.2/bind/bind-9.11.14/lib/isccfg/include/isccfg
making install in /home/jaloo/v/qemu/qemu/pxe/dhcp/dhcp-4.4.2/bind/bind-9.11.14/lib/isccfg/include/isccfg
making all in /home/jaloo/v/qemu/qemu/pxe/dhcp/dhcp-4.4.2/bind/bind-9.11.14/lib/irs/include
making all in /home/jaloo/v/qemu/qemu/pxe/dhcp/dhcp-4.4.2/bind/bind-9.11.14/lib/irs/include/irs
making install in /home/jaloo/v/qemu/qemu/pxe/dhcp/dhcp-4.4.2/bind/bind-9.11.14/lib/irs/include
making all in /home/jaloo/v/qemu/qemu/pxe/dhcp/dhcp-4.4.2/bind/bind-9.11.14/lib/irs/include/irs
making install in /home/jaloo/v/qemu/qemu/pxe/dhcp/dhcp-4.4.2/bind/bind-9.11.14/lib/irs/include/irs
